<?xml version="1.0" encoding="UTF-8"?>
<testsuites name="Mocha Tests" time="0.003" tests="1" failures="1">
  <testsuite name="Root Suite" timestamp="2019-08-16T19:08:41" tests="0" failures="0" time="0">
  </testsuite>
  <testsuite name="Running tests with Mocha &amp; Chai:" timestamp="2019-08-16T19:08:41" tests="1" file="/Users/vanilsonsantos/Documents/Study/aws/projects/deploy-to-ecs/front-end/test/demo.f.js" failures="1" time="0.003">
    <testcase name="Running tests with Mocha &amp; Chai: Second test" time="0.003" classname="Second test">
      <failure message="expected false to equal true" type="AssertionError"><![CDATA[AssertionError: expected false to equal true
    at Context.it (test/demo.f.js:5:12)]]></failure>
    </testcase>
  </testsuite>
</testsuites>